Name: en-GB-Chirp-HD-D
Supported language: en-GB
SSML Voice Gender: MALE
Natural Sample Rate Hertz: 24000

Name: en-GB-Chirp-HD-F
Supported language: en-GB
SSML Voice Gender: FEMALE
Natural Sample Rate Hertz: 24000

Name: en-GB-Chirp-HD-O
Supported language: en-GB
SSML Voice Gender: FEMALE
Natural Sample Rate Hertz: 24000

Name: en-GB-Chirp3-HD-Aoede
Supported language: en-GB
SSML Voice Gender: FEMALE
Natural Sample Rate Hertz: 24000

Name: en-GB-Chirp3-HD-Charon
Supported language: en-GB
SSML Voice Gender: MALE
Natural Sample Rate Hertz: 24000

Name: en-GB-Chirp3-HD-Fenrir
Supported language: en-GB
SSML Voice Gender: MALE
Natural Sample Rate Hertz: 24000

Name: en-GB-Chirp3-HD-Kore
Supported language: en-GB
SSML Voice Gender: FEMALE
Natural Sample Rate Hertz: 24000

Name: en-GB-Chirp3-HD-Leda
Supported language: en-GB
SSML Voice Gender: FEMALE
Natural Sample Rate Hertz: 24000

Name: en-GB-Chirp3-HD-Orus
Supported language: en-GB
SSML Voice Gender: MALE
Natural Sample Rate Hertz: 24000

Name: en-GB-Chirp3-HD-Puck
Supported language: en-GB
SSML Voice Gender: MALE
Natural Sample Rate Hertz: 24000

Name: en-GB-Chirp3-HD-Zephyr
Supported language: en-GB
SSML Voice Gender: FEMALE
Natural Sample Rate Hertz: 24000

Name: en-GB-Neural2-A
Supported language: en-GB
SSML Voice Gender: FEMALE
Natural Sample Rate Hertz: 24000

Name: en-GB-Neural2-B
Supported language: en-GB
SSML Voice Gender: MALE
Natural Sample Rate Hertz: 24000

Name: en-GB-Neural2-C
Supported language: en-GB
SSML Voice Gender: FEMALE
Natural Sample Rate Hertz: 24000

Name: en-GB-Neural2-D
Supported language: en-GB
SSML Voice Gender: MALE
Natural Sample Rate Hertz: 24000

Name: en-GB-Neural2-F
Supported language: en-GB
SSML Voice Gender: FEMALE
Natural Sample Rate Hertz: 24000

Name: en-GB-Neural2-N
Supported language: en-GB
SSML Voice Gender: FEMALE
Natural Sample Rate Hertz: 24000

Name: en-GB-Neural2-O
Supported language: en-GB
SSML Voice Gender: MALE
Natural Sample Rate Hertz: 24000

Name: en-GB-News-G
Supported language: en-GB
SSML Voice Gender: FEMALE
Natural Sample Rate Hertz: 24000

Name: en-GB-News-H
Supported language: en-GB
SSML Voice Gender: FEMALE
Natural Sample Rate Hertz: 24000

Name: en-GB-News-I
Supported language: en-GB
SSML Voice Gender: FEMALE
Natural Sample Rate Hertz: 24000

Name: en-GB-News-J
Supported language: en-GB
SSML Voice Gender: MALE
Natural Sample Rate Hertz: 24000

Name: en-GB-News-K
Supported language: en-GB
SSML Voice Gender: MALE
Natural Sample Rate Hertz: 24000

Name: en-GB-News-L
Supported language: en-GB
SSML Voice Gender: MALE
Natural Sample Rate Hertz: 24000

Name: en-GB-News-M
Supported language: en-GB
SSML Voice Gender: MALE
Natural Sample Rate Hertz: 24000

Name: en-GB-Standard-A
Supported language: en-GB
SSML Voice Gender: FEMALE
Natural Sample Rate Hertz: 24000

Name: en-GB-Standard-B
Supported language: en-GB
SSML Voice Gender: MALE
Natural Sample Rate Hertz: 24000

Name: en-GB-Standard-C
Supported language: en-GB
SSML Voice Gender: FEMALE
Natural Sample Rate Hertz: 24000

Name: en-GB-Standard-D
Supported language: en-GB
SSML Voice Gender: MALE
Natural Sample Rate Hertz: 24000

Name: en-GB-Standard-F
Supported language: en-GB
SSML Voice Gender: FEMALE
Natural Sample Rate Hertz: 24000

Name: en-GB-Standard-N
Supported language: en-GB
SSML Voice Gender: FEMALE
Natural Sample Rate Hertz: 24000

Name: en-GB-Standard-O
Supported language: en-GB
SSML Voice Gender: MALE
Natural Sample Rate Hertz: 24000

Name: en-GB-Studio-B
Supported language: en-GB
SSML Voice Gender: MALE
Natural Sample Rate Hertz: 24000

Name: en-GB-Studio-C
Supported language: en-GB
SSML Voice Gender: FEMALE
Natural Sample Rate Hertz: 24000

Name: en-GB-Wavenet-A
Supported language: en-GB
SSML Voice Gender: FEMALE
Natural Sample Rate Hertz: 24000

Name: en-GB-Wavenet-B
Supported language: en-GB
SSML Voice Gender: MALE
Natural Sample Rate Hertz: 24000

Name: en-GB-Wavenet-C
Supported language: en-GB
SSML Voice Gender: FEMALE
Natural Sample Rate Hertz: 24000

Name: en-GB-Wavenet-D
Supported language: en-GB
SSML Voice Gender: MALE
Natural Sample Rate Hertz: 24000

Name: en-GB-Wavenet-F
Supported language: en-GB
SSML Voice Gender: FEMALE
Natural Sample Rate Hertz: 24000

Name: en-GB-Wavenet-N
Supported language: en-GB
SSML Voice Gender: FEMALE
Natural Sample Rate Hertz: 24000

Name: en-GB-Wavenet-O
Supported language: en-GB
SSML Voice Gender: MALE
Natural Sample Rate Hertz: 24000

