Name: es-ES-Chirp-HD-D
Supported language: es-ES
SSML Voice Gender: MALE
Natural Sample Rate Hertz: 24000

Name: es-ES-Chirp-HD-F
Supported language: es-ES
SSML Voice Gender: FEMALE
Natural Sample Rate Hertz: 24000

Name: es-ES-Chirp-HD-O
Supported language: es-ES
SSML Voice Gender: FEMALE
Natural Sample Rate Hertz: 24000

Name: es-ES-Chirp3-HD-Aoede
Supported language: es-ES
SSML Voice Gender: FEMALE
Natural Sample Rate Hertz: 24000

Name: es-ES-Chirp3-HD-Charon
Supported language: es-ES
SSML Voice Gender: MALE
Natural Sample Rate Hertz: 24000

Name: es-ES-Chirp3-HD-Fenrir
Supported language: es-ES
SSML Voice Gender: MALE
Natural Sample Rate Hertz: 24000

Name: es-ES-Chirp3-HD-Kore
Supported language: es-ES
SSML Voice Gender: FEMALE
Natural Sample Rate Hertz: 24000

Name: es-ES-Chirp3-HD-Leda
Supported language: es-ES
SSML Voice Gender: FEMALE
Natural Sample Rate Hertz: 24000

Name: es-ES-Chirp3-HD-Orus
Supported language: es-ES
SSML Voice Gender: MALE
Natural Sample Rate Hertz: 24000

Name: es-ES-Chirp3-HD-Puck
Supported language: es-ES
SSML Voice Gender: MALE
Natural Sample Rate Hertz: 24000

Name: es-ES-Chirp3-HD-Zephyr
Supported language: es-ES
SSML Voice Gender: FEMALE
Natural Sample Rate Hertz: 24000

Name: es-ES-Neural2-A
Supported language: es-ES
SSML Voice Gender: FEMALE
Natural Sample Rate Hertz: 24000

Name: es-ES-Neural2-E
Supported language: es-ES
SSML Voice Gender: FEMALE
Natural Sample Rate Hertz: 24000

Name: es-ES-Neural2-F
Supported language: es-ES
SSML Voice Gender: MALE
Natural Sample Rate Hertz: 24000

Name: es-ES-Neural2-G
Supported language: es-ES
SSML Voice Gender: MALE
Natural Sample Rate Hertz: 24000

Name: es-ES-Neural2-H
Supported language: es-ES
SSML Voice Gender: FEMALE
Natural Sample Rate Hertz: 24000

Name: es-ES-Polyglot-1
Supported language: es-ES
SSML Voice Gender: MALE
Natural Sample Rate Hertz: 24000

Name: es-ES-Standard-A
Supported language: es-ES
SSML Voice Gender: FEMALE
Natural Sample Rate Hertz: 24000

Name: es-ES-Standard-B
Supported language: es-ES
SSML Voice Gender: MALE
Natural Sample Rate Hertz: 24000

Name: es-ES-Standard-C
Supported language: es-ES
SSML Voice Gender: FEMALE
Natural Sample Rate Hertz: 24000

Name: es-ES-Standard-D
Supported language: es-ES
SSML Voice Gender: FEMALE
Natural Sample Rate Hertz: 24000

Name: es-ES-Standard-E
Supported language: es-ES
SSML Voice Gender: MALE
Natural Sample Rate Hertz: 24000

Name: es-ES-Standard-F
Supported language: es-ES
SSML Voice Gender: FEMALE
Natural Sample Rate Hertz: 24000

Name: es-ES-Standard-G
Supported language: es-ES
SSML Voice Gender: MALE
Natural Sample Rate Hertz: 24000

Name: es-ES-Standard-H
Supported language: es-ES
SSML Voice Gender: FEMALE
Natural Sample Rate Hertz: 24000

Name: es-ES-Studio-C
Supported language: es-ES
SSML Voice Gender: FEMALE
Natural Sample Rate Hertz: 24000

Name: es-ES-Studio-F
Supported language: es-ES
SSML Voice Gender: MALE
Natural Sample Rate Hertz: 24000

Name: es-ES-Wavenet-B
Supported language: es-ES
SSML Voice Gender: MALE
Natural Sample Rate Hertz: 24000

Name: es-ES-Wavenet-C
Supported language: es-ES
SSML Voice Gender: FEMALE
Natural Sample Rate Hertz: 24000

Name: es-ES-Wavenet-D
Supported language: es-ES
SSML Voice Gender: FEMALE
Natural Sample Rate Hertz: 24000

Name: es-ES-Wavenet-E
Supported language: es-ES
SSML Voice Gender: MALE
Natural Sample Rate Hertz: 24000

Name: es-ES-Wavenet-F
Supported language: es-ES
SSML Voice Gender: FEMALE
Natural Sample Rate Hertz: 24000

Name: es-ES-Wavenet-G
Supported language: es-ES
SSML Voice Gender: MALE
Natural Sample Rate Hertz: 24000

Name: es-ES-Wavenet-H
Supported language: es-ES
SSML Voice Gender: FEMALE
Natural Sample Rate Hertz: 24000

